[2025-11-12 01:04:33] ==========================================
[2025-11-12 01:04:33] 表空间数据采集任务开始
[2025-11-12 01:04:33] ==========================================
[2025-11-12 01:04:33] 开始获取数据: https://c001.6ps.org/api/v1beta/app/dataapp-tiTAMIaa/endpoint/tbsinfo?id=131&host=%25
[2025-11-12 01:04:34] 原始响应已保存到: /home/runner/work/tudou/tudou/public/tbs/data/raw_response.json
[2025-11-12 01:04:34] 原始响应大小: 310185 字节
[2025-11-12 01:04:34] ✓ JSON格式验证通过
[2025-11-12 01:04:35] 数据已保存: /home/runner/work/tudou/tudou/public/tbs/data/tablespace_data.json
[2025-11-12 01:04:35] 文件大小: 304K
[2025-11-12 01:04:35] 数据已保存: /home/runner/work/tudou/tudou/public/tbs/data/tablespace_data.json
[2025-11-12 01:04:35] 文件大小: 304K
[2025-11-12 01:04:35] ==========================================
[2025-11-12 01:04:35] 表空间数据采集任务完成
[2025-11-12 01:04:35] ==========================================
[2025-11-12 01:42:31] ==========================================
[2025-11-12 01:42:31] 表空间数据采集任务开始
[2025-11-12 01:42:31] ==========================================
[2025-11-12 01:42:31] 开始获取数据: https://c001.6ps.org/api/v1beta/app/dataapp-tiTAMIaa/endpoint/tbsinfo?id=131&host=%25
[2025-11-12 01:42:32] 原始响应已保存到: /home/runner/work/tudou/tudou/public/tbs/data/raw_response.json
[2025-11-12 01:42:32] 原始响应大小: 310185 字节
[2025-11-12 01:42:32] ✓ JSON格式验证通过
[2025-11-12 01:42:32] 数据已保存: /home/runner/work/tudou/tudou/public/tbs/data/tablespace_data.json
[2025-11-12 01:42:32] 文件大小: 304K
[2025-11-12 01:42:32] 数据已保存: /home/runner/work/tudou/tudou/public/tbs/data/tablespace_data.json
[2025-11-12 01:42:32] 文件大小: 304K
[2025-11-12 01:42:32] ==========================================
[2025-11-12 01:42:32] 表空间数据采集任务完成
[2025-11-12 01:42:32] ==========================================
