[2025-12-16 07:13:14] ==========================================
[2025-12-16 07:13:14] 表空间数据采集任务开始
[2025-12-16 07:13:14] ==========================================
[2025-12-16 07:13:14] 开始获取数据: https://c001.6ps.org/api/v1beta/app/dataapp-tiTAMIaa/endpoint/tbsinfo?id=131&host=%25
[2025-12-16 07:13:15] 原始响应已保存到: /home/runner/work/tudou/tudou/public/tbs/data/raw_response.json
[2025-12-16 07:13:15] 原始响应大小: 310421 字节
[2025-12-16 07:13:15] ✓ JSON格式验证通过
[2025-12-16 07:13:15] 数据已保存: /home/runner/work/tudou/tudou/public/tbs/data/tablespace_data.json
[2025-12-16 07:13:15] 文件大小: 304K
[2025-12-16 07:13:15] 数据已保存: /home/runner/work/tudou/tudou/public/tbs/data/tablespace_data.json
[2025-12-16 07:13:15] 文件大小: 304K
[2025-12-16 07:13:15] ==========================================
[2025-12-16 07:13:15] 表空间数据采集任务完成
[2025-12-16 07:13:15] ==========================================
[2025-12-16 09:37:32] ==========================================
[2025-12-16 09:37:32] 表空间数据采集任务开始
[2025-12-16 09:37:32] ==========================================
[2025-12-16 09:37:32] 开始获取数据: https://c001.6ps.org/api/v1beta/app/dataapp-tiTAMIaa/endpoint/tbsinfo?id=131&host=%25
[2025-12-16 09:37:33] 原始响应已保存到: /home/runner/work/tudou/tudou/public/tbs/data/raw_response.json
[2025-12-16 09:37:33] 原始响应大小: 310421 字节
[2025-12-16 09:37:33] ✓ JSON格式验证通过
[2025-12-16 09:37:34] 数据已保存: /home/runner/work/tudou/tudou/public/tbs/data/tablespace_data.json
[2025-12-16 09:37:34] 文件大小: 304K
[2025-12-16 09:37:34] 数据已保存: /home/runner/work/tudou/tudou/public/tbs/data/tablespace_data.json
[2025-12-16 09:37:34] 文件大小: 304K
[2025-12-16 09:37:34] ==========================================
[2025-12-16 09:37:34] 表空间数据采集任务完成
[2025-12-16 09:37:34] ==========================================
