[2025-11-10 17:30:51] ==========================================
[2025-11-10 17:30:51] 表空间数据采集任务开始
[2025-11-10 17:30:51] ==========================================
[2025-11-10 17:30:51] 开始获取数据: https://c001.6ps.org/api/v1beta/app/dataapp-tiTAMIaa/endpoint/tbsinfo?id=131&host=%25
[2025-11-10 17:30:57] 原始响应已保存到: /Users/brty.liu/Documents/GitHub/tudou/public/tbs/data/raw_response.json
[2025-11-10 17:30:57] 原始响应大小:   310128 字节
[2025-11-10 17:30:57] ✓ JSON格式验证通过
[2025-11-10 17:30:58] 数据已保存: /Users/brty.liu/Documents/GitHub/tudou/public/tbs/data/tablespace_data.json
[2025-11-10 17:30:58] 文件大小: 304K
[2025-11-10 17:30:58] 数据已保存: /Users/brty.liu/Documents/GitHub/tudou/public/tbs/data/tablespace_data.json
[2025-11-10 17:30:58] 文件大小: 304K
[2025-11-10 17:30:58] ==========================================
[2025-11-10 17:30:58] 表空间数据采集任务完成
[2025-11-10 17:30:58] ==========================================
[2025-11-10 17:36:10] ==========================================
[2025-11-10 17:36:10] 表空间数据采集任务开始
[2025-11-10 17:36:10] ==========================================
[2025-11-10 17:36:10] 开始获取数据: https://c001.6ps.org/api/v1beta/app/dataapp-tiTAMIaa/endpoint/tbsinfo?id=131&host=%25
[2025-11-10 17:36:13] 原始响应已保存到: /Users/brty.liu/Documents/GitHub/tudou/public/tbs/data/raw_response.json
[2025-11-10 17:36:13] 原始响应大小:   310128 字节
[2025-11-10 17:36:13] ✓ JSON格式验证通过
[2025-11-10 17:36:14] 数据已保存: /Users/brty.liu/Documents/GitHub/tudou/public/tbs/data/tablespace_data.json
[2025-11-10 17:36:14] 文件大小: 304K
[2025-11-10 17:36:14] 数据已保存: /Users/brty.liu/Documents/GitHub/tudou/public/tbs/data/tablespace_data.json
[2025-11-10 17:36:14] 文件大小: 304K
[2025-11-10 17:36:14] ==========================================
[2025-11-10 17:36:14] 表空间数据采集任务完成
[2025-11-10 17:36:14] ==========================================
[2025-11-10 09:53:29] ==========================================
[2025-11-10 09:53:29] 表空间数据采集任务开始
[2025-11-10 09:53:29] ==========================================
[2025-11-10 09:53:29] 开始获取数据: https://c001.6ps.org/api/v1beta/app/dataapp-tiTAMIaa/endpoint/tbsinfo?id=131&host=%25
[2025-11-10 09:53:30] 原始响应已保存到: /home/runner/work/tudou/tudou/public/tbs/data/raw_response.json
[2025-11-10 09:53:30] 原始响应大小: 310174 字节
[2025-11-10 09:53:30] ✓ JSON格式验证通过
[2025-11-10 09:53:31] 数据已保存: /home/runner/work/tudou/tudou/public/tbs/data/tablespace_data.json
[2025-11-10 09:53:31] 文件大小: 304K
[2025-11-10 09:53:31] 数据已保存: /home/runner/work/tudou/tudou/public/tbs/data/tablespace_data.json
[2025-11-10 09:53:31] 文件大小: 304K
[2025-11-10 09:53:31] ==========================================
[2025-11-10 09:53:31] 表空间数据采集任务完成
[2025-11-10 09:53:31] ==========================================
[2025-11-10 18:42:29] ==========================================
[2025-11-10 18:42:29] 表空间数据采集任务开始
[2025-11-10 18:42:29] ==========================================
[2025-11-10 18:42:29] 开始获取数据: https://c001.6ps.org/api/v1beta/app/dataapp-tiTAMIaa/endpoint/tbsinfo?id=131&host=%25
[2025-11-10 18:42:34] 原始响应已保存到: /Users/brty.liu/Documents/GitHub/tudou/public/tbs/data/raw_response.json
[2025-11-10 18:42:34] 原始响应大小:   310174 字节
[2025-11-10 18:42:34] ✓ JSON格式验证通过
[2025-11-10 18:42:34] 数据已保存: /Users/brty.liu/Documents/GitHub/tudou/public/tbs/data/tablespace_data.json
[2025-11-10 18:42:34] 文件大小: 304K
[2025-11-10 18:42:34] 数据已保存: /Users/brty.liu/Documents/GitHub/tudou/public/tbs/data/tablespace_data.json
[2025-11-10 18:42:34] 文件大小: 304K
[2025-11-10 18:42:34] ==========================================
[2025-11-10 18:42:34] 表空间数据采集任务完成
[2025-11-10 18:42:34] ==========================================
